Analysis & Synthesis report for lab2
Wed Mar 18 07:51:19 2026
Quartus II 64-Bit Version 13.0.1 Build 232 06/12/2013 Service Pack 1 SJ Web Edition


---------------------
; Table of Contents ;
---------------------
  1. Legal Notice
  2. Analysis & Synthesis Summary
  3. Analysis & Synthesis Settings
  4. Parallel Compilation
  5. Analysis & Synthesis Source Files Read
  6. Analysis & Synthesis Resource Usage Summary
  7. Analysis & Synthesis Resource Utilization by Entity
  8. General Register Statistics
  9. Port Connectivity Checks: "fullAdder32bit:U_ADDBR"
 10. Port Connectivity Checks: "RegisterFile:U_RF|Register_32:\gen_regs:1:REG_I|en_dff_ms:\gen_regs:31:unit_register"
 11. Port Connectivity Checks: "RegisterFile:U_RF|Register_32:\gen_regs:1:REG_I|en_dff_ms:\gen_regs:30:unit_register"
 12. Port Connectivity Checks: "RegisterFile:U_RF|Register_32:\gen_regs:1:REG_I|en_dff_ms:\gen_regs:29:unit_register"
 13. Port Connectivity Checks: "RegisterFile:U_RF|Register_32:\gen_regs:1:REG_I|en_dff_ms:\gen_regs:28:unit_register"
 14. Port Connectivity Checks: "RegisterFile:U_RF|Register_32:\gen_regs:1:REG_I|en_dff_ms:\gen_regs:27:unit_register"
 15. Port Connectivity Checks: "RegisterFile:U_RF|Register_32:\gen_regs:1:REG_I|en_dff_ms:\gen_regs:26:unit_register"
 16. Port Connectivity Checks: "RegisterFile:U_RF|Register_32:\gen_regs:1:REG_I|en_dff_ms:\gen_regs:25:unit_register"
 17. Port Connectivity Checks: "RegisterFile:U_RF|Register_32:\gen_regs:1:REG_I|en_dff_ms:\gen_regs:24:unit_register"
 18. Port Connectivity Checks: "RegisterFile:U_RF|Register_32:\gen_regs:1:REG_I|en_dff_ms:\gen_regs:23:unit_register"
 19. Port Connectivity Checks: "RegisterFile:U_RF|Register_32:\gen_regs:1:REG_I|en_dff_ms:\gen_regs:22:unit_register"
 20. Port Connectivity Checks: "RegisterFile:U_RF|Register_32:\gen_regs:1:REG_I|en_dff_ms:\gen_regs:21:unit_register"
 21. Port Connectivity Checks: "RegisterFile:U_RF|Register_32:\gen_regs:1:REG_I|en_dff_ms:\gen_regs:20:unit_register"
 22. Port Connectivity Checks: "RegisterFile:U_RF|Register_32:\gen_regs:1:REG_I|en_dff_ms:\gen_regs:19:unit_register"
 23. Port Connectivity Checks: "RegisterFile:U_RF|Register_32:\gen_regs:1:REG_I|en_dff_ms:\gen_regs:18:unit_register"
 24. Port Connectivity Checks: "RegisterFile:U_RF|Register_32:\gen_regs:1:REG_I|en_dff_ms:\gen_regs:17:unit_register"
 25. Port Connectivity Checks: "RegisterFile:U_RF|Register_32:\gen_regs:1:REG_I|en_dff_ms:\gen_regs:16:unit_register"
 26. Port Connectivity Checks: "RegisterFile:U_RF|Register_32:\gen_regs:1:REG_I|en_dff_ms:\gen_regs:15:unit_register"
 27. Port Connectivity Checks: "RegisterFile:U_RF|Register_32:\gen_regs:1:REG_I|en_dff_ms:\gen_regs:14:unit_register"
 28. Port Connectivity Checks: "RegisterFile:U_RF|Register_32:\gen_regs:1:REG_I|en_dff_ms:\gen_regs:13:unit_register"
 29. Port Connectivity Checks: "RegisterFile:U_RF|Register_32:\gen_regs:1:REG_I|en_dff_ms:\gen_regs:12:unit_register"
 30. Port Connectivity Checks: "RegisterFile:U_RF|Register_32:\gen_regs:1:REG_I|en_dff_ms:\gen_regs:11:unit_register"
 31. Port Connectivity Checks: "RegisterFile:U_RF|Register_32:\gen_regs:1:REG_I|en_dff_ms:\gen_regs:10:unit_register"
 32. Port Connectivity Checks: "RegisterFile:U_RF|Register_32:\gen_regs:1:REG_I|en_dff_ms:\gen_regs:9:unit_register"
 33. Port Connectivity Checks: "RegisterFile:U_RF|Register_32:\gen_regs:1:REG_I|en_dff_ms:\gen_regs:8:unit_register"
 34. Port Connectivity Checks: "RegisterFile:U_RF|Register_32:\gen_regs:1:REG_I|en_dff_ms:\gen_regs:7:unit_register"
 35. Port Connectivity Checks: "RegisterFile:U_RF|Register_32:\gen_regs:1:REG_I|en_dff_ms:\gen_regs:6:unit_register"
 36. Port Connectivity Checks: "RegisterFile:U_RF|Register_32:\gen_regs:1:REG_I|en_dff_ms:\gen_regs:5:unit_register"
 37. Port Connectivity Checks: "RegisterFile:U_RF|Register_32:\gen_regs:1:REG_I|en_dff_ms:\gen_regs:4:unit_register"
 38. Port Connectivity Checks: "RegisterFile:U_RF|Register_32:\gen_regs:1:REG_I|en_dff_ms:\gen_regs:3:unit_register"
 39. Port Connectivity Checks: "RegisterFile:U_RF|Register_32:\gen_regs:1:REG_I|en_dff_ms:\gen_regs:2:unit_register"
 40. Port Connectivity Checks: "RegisterFile:U_RF|Register_32:\gen_regs:1:REG_I|en_dff_ms:\gen_regs:1:unit_register"
 41. Port Connectivity Checks: "RegisterFile:U_RF|Register_32:\gen_regs:1:REG_I|en_dff_ms:\gen_regs:0:unit_register"
 42. Port Connectivity Checks: "fullAdder32bit:U_ADD4"
 43. Port Connectivity Checks: "PC:U_PC|en_dff_ms:\gen_units:31:unit"
 44. Port Connectivity Checks: "PC:U_PC|en_dff_ms:\gen_units:30:unit"
 45. Port Connectivity Checks: "PC:U_PC|en_dff_ms:\gen_units:29:unit"
 46. Port Connectivity Checks: "PC:U_PC|en_dff_ms:\gen_units:28:unit"
 47. Port Connectivity Checks: "PC:U_PC|en_dff_ms:\gen_units:27:unit"
 48. Port Connectivity Checks: "PC:U_PC|en_dff_ms:\gen_units:26:unit"
 49. Port Connectivity Checks: "PC:U_PC|en_dff_ms:\gen_units:25:unit"
 50. Port Connectivity Checks: "PC:U_PC|en_dff_ms:\gen_units:24:unit"
 51. Port Connectivity Checks: "PC:U_PC|en_dff_ms:\gen_units:23:unit"
 52. Port Connectivity Checks: "PC:U_PC|en_dff_ms:\gen_units:22:unit"
 53. Port Connectivity Checks: "PC:U_PC|en_dff_ms:\gen_units:21:unit"
 54. Port Connectivity Checks: "PC:U_PC|en_dff_ms:\gen_units:20:unit"
 55. Port Connectivity Checks: "PC:U_PC|en_dff_ms:\gen_units:19:unit"
 56. Port Connectivity Checks: "PC:U_PC|en_dff_ms:\gen_units:18:unit"
 57. Port Connectivity Checks: "PC:U_PC|en_dff_ms:\gen_units:17:unit"
 58. Port Connectivity Checks: "PC:U_PC|en_dff_ms:\gen_units:16:unit"
 59. Port Connectivity Checks: "PC:U_PC|en_dff_ms:\gen_units:15:unit"
 60. Port Connectivity Checks: "PC:U_PC|en_dff_ms:\gen_units:14:unit"
 61. Port Connectivity Checks: "PC:U_PC|en_dff_ms:\gen_units:13:unit"
 62. Port Connectivity Checks: "PC:U_PC|en_dff_ms:\gen_units:12:unit"
 63. Port Connectivity Checks: "PC:U_PC|en_dff_ms:\gen_units:11:unit"
 64. Port Connectivity Checks: "PC:U_PC|en_dff_ms:\gen_units:10:unit"
 65. Port Connectivity Checks: "PC:U_PC|en_dff_ms:\gen_units:9:unit"
 66. Port Connectivity Checks: "PC:U_PC|en_dff_ms:\gen_units:8:unit"
 67. Port Connectivity Checks: "PC:U_PC|en_dff_ms:\gen_units:7:unit"
 68. Port Connectivity Checks: "PC:U_PC|en_dff_ms:\gen_units:6:unit"
 69. Port Connectivity Checks: "PC:U_PC|en_dff_ms:\gen_units:5:unit"
 70. Port Connectivity Checks: "PC:U_PC|en_dff_ms:\gen_units:4:unit"
 71. Port Connectivity Checks: "PC:U_PC|en_dff_ms:\gen_units:3:unit"
 72. Port Connectivity Checks: "PC:U_PC|en_dff_ms:\gen_units:2:unit"
 73. Port Connectivity Checks: "PC:U_PC|en_dff_ms:\gen_units:1:unit"
 74. Port Connectivity Checks: "PC:U_PC|en_dff_ms:\gen_units:0:unit"
 75. Port Connectivity Checks: "PC:U_PC"
 76. Elapsed Time Per Partition
 77. Analysis & Synthesis Messages



----------------
; Legal Notice ;
----------------
Copyright (C) 1991-2013 Altera Corporation
Your use of Altera Corporation's design tools, logic functions 
and other software and tools, and its AMPP partner logic 
functions, and any output files from any of the foregoing 
(including device programming or simulation files), and any 
associated documentation or information are expressly subject 
to the terms and conditions of the Altera Program License 
Subscription Agreement, Altera MegaCore Function License 
Agreement, or other applicable license agreement, including, 
without limitation, that your use is for the sole purpose of 
programming logic devices manufactured by Altera and sold by 
Altera or its authorized distributors.  Please refer to the 
applicable agreement for further details.



+--------------------------------------------------------------------------------------+
; Analysis & Synthesis Summary                                                         ;
+------------------------------------+-------------------------------------------------+
; Analysis & Synthesis Status        ; Successful - Wed Mar 18 07:51:19 2026           ;
; Quartus II 64-Bit Version          ; 13.0.1 Build 232 06/12/2013 SP 1 SJ Web Edition ;
; Revision Name                      ; lab2                                            ;
; Top-level Entity Name              ; SingleCycleProcessor                            ;
; Family                             ; Cyclone IV E                                    ;
; Total logic elements               ; 0                                               ;
;     Total combinational functions  ; 0                                               ;
;     Dedicated logic registers      ; 0                                               ;
; Total registers                    ; 0                                               ;
; Total pins                         ; 2                                               ;
; Total virtual pins                 ; 0                                               ;
; Total memory bits                  ; 0                                               ;
; Embedded Multiplier 9-bit elements ; 0                                               ;
; Total PLLs                         ; 0                                               ;
+------------------------------------+-------------------------------------------------+


+------------------------------------------------------------------------------------------------------------------------+
; Analysis & Synthesis Settings                                                                                          ;
+----------------------------------------------------------------------------+----------------------+--------------------+
; Option                                                                     ; Setting              ; Default Value      ;
+----------------------------------------------------------------------------+----------------------+--------------------+
; Device                                                                     ; EP4CE115F29C7        ;                    ;
; Top-level entity name                                                      ; SingleCycleProcessor ; lab2               ;
; Family name                                                                ; Cyclone IV E         ; Cyclone IV GX      ;
; Use smart compilation                                                      ; Off                  ; Off                ;
; Enable parallel Assembler and TimeQuest Timing Analyzer during compilation ; On                   ; On                 ;
; Enable compact report table                                                ; Off                  ; Off                ;
; Restructure Multiplexers                                                   ; Auto                 ; Auto               ;
; Create Debugging Nodes for IP Cores                                        ; Off                  ; Off                ;
; Preserve fewer node names                                                  ; On                   ; On                 ;
; Disable OpenCore Plus hardware evaluation                                  ; Off                  ; Off                ;
; Verilog Version                                                            ; Verilog_2001         ; Verilog_2001       ;
; VHDL Version                                                               ; VHDL_1993            ; VHDL_1993          ;
; State Machine Processing                                                   ; Auto                 ; Auto               ;
; Safe State Machine                                                         ; Off                  ; Off                ;
; Extract Verilog State Machines                                             ; On                   ; On                 ;
; Extract VHDL State Machines                                                ; On                   ; On                 ;
; Ignore Verilog initial constructs                                          ; Off                  ; Off                ;
; Iteration limit for constant Verilog loops                                 ; 5000                 ; 5000               ;
; Iteration limit for non-constant Verilog loops                             ; 250                  ; 250                ;
; Add Pass-Through Logic to Inferred RAMs                                    ; On                   ; On                 ;
; Infer RAMs from Raw Logic                                                  ; On                   ; On                 ;
; Parallel Synthesis                                                         ; On                   ; On                 ;
; DSP Block Balancing                                                        ; Auto                 ; Auto               ;
; NOT Gate Push-Back                                                         ; On                   ; On                 ;
; Power-Up Don't Care                                                        ; On                   ; On                 ;
; Remove Redundant Logic Cells                                               ; Off                  ; Off                ;
; Remove Duplicate Registers                                                 ; On                   ; On                 ;
; Ignore CARRY Buffers                                                       ; Off                  ; Off                ;
; Ignore CASCADE Buffers                                                     ; Off                  ; Off                ;
; Ignore GLOBAL Buffers                                                      ; Off                  ; Off                ;
; Ignore ROW GLOBAL Buffers                                                  ; Off                  ; Off                ;
; Ignore LCELL Buffers                                                       ; Off                  ; Off                ;
; Ignore SOFT Buffers                                                        ; On                   ; On                 ;
; Limit AHDL Integers to 32 Bits                                             ; Off                  ; Off                ;
; Optimization Technique                                                     ; Balanced             ; Balanced           ;
; Carry Chain Length                                                         ; 70                   ; 70                 ;
; Auto Carry Chains                                                          ; On                   ; On                 ;
; Auto Open-Drain Pins                                                       ; On                   ; On                 ;
; Perform WYSIWYG Primitive Resynthesis                                      ; Off                  ; Off                ;
; Auto ROM Replacement                                                       ; On                   ; On                 ;
; Auto RAM Replacement                                                       ; On                   ; On                 ;
; Auto DSP Block Replacement                                                 ; On                   ; On                 ;
; Auto Shift Register Replacement                                            ; Auto                 ; Auto               ;
; Allow Shift Register Merging across Hierarchies                            ; Auto                 ; Auto               ;
; Auto Clock Enable Replacement                                              ; On                   ; On                 ;
; Strict RAM Replacement                                                     ; Off                  ; Off                ;
; Allow Synchronous Control Signals                                          ; On                   ; On                 ;
; Force Use of Synchronous Clear Signals                                     ; Off                  ; Off                ;
; Auto RAM Block Balancing                                                   ; On                   ; On                 ;
; Auto RAM to Logic Cell Conversion                                          ; Off                  ; Off                ;
; Auto Resource Sharing                                                      ; Off                  ; Off                ;
; Allow Any RAM Size For Recognition                                         ; Off                  ; Off                ;
; Allow Any ROM Size For Recognition                                         ; Off                  ; Off                ;
; Allow Any Shift Register Size For Recognition                              ; Off                  ; Off                ;
; Use LogicLock Constraints during Resource Balancing                        ; On                   ; On                 ;
; Ignore translate_off and synthesis_off directives                          ; Off                  ; Off                ;
; Timing-Driven Synthesis                                                    ; On                   ; On                 ;
; Report Parameter Settings                                                  ; On                   ; On                 ;
; Report Source Assignments                                                  ; On                   ; On                 ;
; Report Connectivity Checks                                                 ; On                   ; On                 ;
; Ignore Maximum Fan-Out Assignments                                         ; Off                  ; Off                ;
; Synchronization Register Chain Length                                      ; 2                    ; 2                  ;
; PowerPlay Power Optimization                                               ; Normal compilation   ; Normal compilation ;
; HDL message level                                                          ; Level2               ; Level2             ;
; Suppress Register Optimization Related Messages                            ; Off                  ; Off                ;
; Number of Removed Registers Reported in Synthesis Report                   ; 5000                 ; 5000               ;
; Number of Swept Nodes Reported in Synthesis Report                         ; 5000                 ; 5000               ;
; Number of Inverted Registers Reported in Synthesis Report                  ; 100                  ; 100                ;
; Clock MUX Protection                                                       ; On                   ; On                 ;
; Auto Gated Clock Conversion                                                ; Off                  ; Off                ;
; Block Design Naming                                                        ; Auto                 ; Auto               ;
; SDC constraint protection                                                  ; Off                  ; Off                ;
; Synthesis Effort                                                           ; Auto                 ; Auto               ;
; Shift Register Replacement - Allow Asynchronous Clear Signal               ; On                   ; On                 ;
; Pre-Mapping Resynthesis Optimization                                       ; Off                  ; Off                ;
; Analysis & Synthesis Message Level                                         ; Medium               ; Medium             ;
; Disable Register Merging Across Hierarchies                                ; Auto                 ; Auto               ;
; Resource Aware Inference For Block RAM                                     ; On                   ; On                 ;
; Synthesis Seed                                                             ; 1                    ; 1                  ;
+----------------------------------------------------------------------------+----------------------+--------------------+


Parallel compilation was disabled, but you have multiple processors available. Enable parallel compilation to reduce compilation time.
+-------------------------------------+
; Parallel Compilation                ;
+----------------------------+--------+
; Processors                 ; Number ;
+----------------------------+--------+
; Number detected on machine ; 16     ;
; Maximum allowed            ; 1      ;
+----------------------------+--------+


+---------------------------------------------------------------------------------------------------------------------------------------------------------+
; Analysis & Synthesis Source Files Read                                                                                                                  ;
+----------------------------------+-----------------+-----------------+------------------------------------------------------------------------+---------+
; File Name with User-Entered Path ; Used in Netlist ; File Type       ; File Name with Absolute Path                                           ; Library ;
+----------------------------------+-----------------+-----------------+------------------------------------------------------------------------+---------+
; signExtend.vhd                   ; yes             ; User VHDL File  ; C:/altera/13.0sp1/lab2/Simple_Cycle_Processor/signExtend.vhd           ;         ;
; en_dff_ms.vhd                    ; yes             ; User VHDL File  ; C:/altera/13.0sp1/lab2/Simple_Cycle_Processor/en_dff_ms.vhd            ;         ;
; mux2to1.vhd                      ; yes             ; User VHDL File  ; C:/altera/13.0sp1/lab2/Simple_Cycle_Processor/mux2to1.vhd              ;         ;
; mux2to1_5bits.vhd                ; yes             ; User VHDL File  ; C:/altera/13.0sp1/lab2/Simple_Cycle_Processor/mux2to1_5bits.vhd        ;         ;
; shiftLeft2_32.vhd                ; yes             ; User VHDL File  ; C:/altera/13.0sp1/lab2/Simple_Cycle_Processor/shiftLeft2_32.vhd        ;         ;
; PC.vhd                           ; yes             ; User VHDL File  ; C:/altera/13.0sp1/lab2/Simple_Cycle_Processor/PC.vhd                   ;         ;
; fullAdder.vhd                    ; yes             ; User VHDL File  ; C:/altera/13.0sp1/lab2/Simple_Cycle_Processor/fullAdder.vhd            ;         ;
; fullAdder32bit.vhd               ; yes             ; User VHDL File  ; C:/altera/13.0sp1/lab2/Simple_Cycle_Processor/fullAdder32bit.vhd       ;         ;
; Register_32.vhd                  ; yes             ; User VHDL File  ; C:/altera/13.0sp1/lab2/Simple_Cycle_Processor/Register_32.vhd          ;         ;
; RegisterFile.vhd                 ; yes             ; User VHDL File  ; C:/altera/13.0sp1/lab2/Simple_Cycle_Processor/RegisterFile.vhd         ;         ;
; ALU_Control.vhd                  ; yes             ; User VHDL File  ; C:/altera/13.0sp1/lab2/Simple_Cycle_Processor/ALU_Control.vhd          ;         ;
; ALU.vhd                          ; yes             ; User VHDL File  ; C:/altera/13.0sp1/lab2/Simple_Cycle_Processor/ALU.vhd                  ;         ;
; InstructionMemory.vhd            ; yes             ; User VHDL File  ; C:/altera/13.0sp1/lab2/Simple_Cycle_Processor/InstructionMemory.vhd    ;         ;
; DataMemory.vhd                   ; yes             ; User VHDL File  ; C:/altera/13.0sp1/lab2/Simple_Cycle_Processor/DataMemory.vhd           ;         ;
; ControlUnit.vhd                  ; yes             ; User VHDL File  ; C:/altera/13.0sp1/lab2/Simple_Cycle_Processor/ControlUnit.vhd          ;         ;
; SingleCycleProcessor.vhd         ; yes             ; User VHDL File  ; C:/altera/13.0sp1/lab2/Simple_Cycle_Processor/SingleCycleProcessor.vhd ;         ;
+----------------------------------+-----------------+-----------------+------------------------------------------------------------------------+---------+


+-----------------------------------------------------+
; Analysis & Synthesis Resource Usage Summary         ;
+---------------------------------------------+-------+
; Resource                                    ; Usage ;
+---------------------------------------------+-------+
;                                             ;       ;
; Total combinational functions               ; 0     ;
; Logic element usage by number of LUT inputs ;       ;
;     -- 4 input functions                    ; 0     ;
;     -- 3 input functions                    ; 0     ;
;     -- <=2 input functions                  ; 0     ;
;                                             ;       ;
; Logic elements by mode                      ;       ;
;     -- normal mode                          ; 0     ;
;     -- arithmetic mode                      ; 0     ;
;                                             ;       ;
; Total registers                             ; 0     ;
;     -- Dedicated logic registers            ; 0     ;
;     -- I/O registers                        ; 0     ;
;                                             ;       ;
; I/O pins                                    ; 2     ;
; Embedded Multiplier 9-bit elements          ; 0     ;
; Maximum fan-out node                        ; clk   ;
; Maximum fan-out                             ; 1     ;
; Total fan-out                               ; 2     ;
; Average fan-out                             ; 0.50  ;
+---------------------------------------------+-------+


+-------------------------------------------------------------------------------------------------------------------------------------------------------------------------------+
; Analysis & Synthesis Resource Utilization by Entity                                                                                                                           ;
+----------------------------+-------------------+--------------+-------------+--------------+---------+-----------+------+--------------+-----------------------+--------------+
; Compilation Hierarchy Node ; LC Combinationals ; LC Registers ; Memory Bits ; DSP Elements ; DSP 9x9 ; DSP 18x18 ; Pins ; Virtual Pins ; Full Hierarchy Name   ; Library Name ;
+----------------------------+-------------------+--------------+-------------+--------------+---------+-----------+------+--------------+-----------------------+--------------+
; |SingleCycleProcessor      ; 0 (0)             ; 0 (0)        ; 0           ; 0            ; 0       ; 0         ; 2    ; 0            ; |SingleCycleProcessor ; work         ;
+----------------------------+-------------------+--------------+-------------+--------------+---------+-----------+------+--------------+-----------------------+--------------+
Note: For table entries with two numbers listed, the numbers in parentheses indicate the number of resources of the given type used by the specific entity alone. The numbers listed outside of parentheses indicate the total resources of the given type used by the specific entity and all of its sub-entities in the hierarchy.


+------------------------------------------------------+
; General Register Statistics                          ;
+----------------------------------------------+-------+
; Statistic                                    ; Value ;
+----------------------------------------------+-------+
; Total registers                              ; 0     ;
; Number of registers using Synchronous Clear  ; 0     ;
; Number of registers using Synchronous Load   ; 0     ;
; Number of registers using Asynchronous Clear ; 0     ;
; Number of registers using Asynchronous Load  ; 0     ;
; Number of registers using Clock Enable       ; 0     ;
; Number of registers using Preset             ; 0     ;
+----------------------------------------------+-------+


+----------------------------------------------------------------------------------------------------------------+
; Port Connectivity Checks: "fullAdder32bit:U_ADDBR"                                                             ;
+------+--------+----------+-------------------------------------------------------------------------------------+
; Port ; Type   ; Severity ; Details                                                                             ;
+------+--------+----------+-------------------------------------------------------------------------------------+
; cin  ; Input  ; Info     ; Stuck at GND                                                                        ;
; cout ; Output ; Info     ; Connected to dangling logic. Logic that only feeds a dangling port will be removed. ;
+------+--------+----------+-------------------------------------------------------------------------------------+


+------------------------------------------------------------------------------------------------------------------+
; Port Connectivity Checks: "RegisterFile:U_RF|Register_32:\gen_regs:1:REG_I|en_dff_ms:\gen_regs:31:unit_register" ;
+------+--------+----------+---------------------------------------------------------------------------------------+
; Port ; Type   ; Severity ; Details                                                                               ;
+------+--------+----------+---------------------------------------------------------------------------------------+
; qn   ; Output ; Info     ; Connected to dangling logic. Logic that only feeds a dangling port will be removed.   ;
+------+--------+----------+---------------------------------------------------------------------------------------+


+------------------------------------------------------------------------------------------------------------------+
; Port Connectivity Checks: "RegisterFile:U_RF|Register_32:\gen_regs:1:REG_I|en_dff_ms:\gen_regs:30:unit_register" ;
+------+--------+----------+---------------------------------------------------------------------------------------+
; Port ; Type   ; Severity ; Details                                                                               ;
+------+--------+----------+---------------------------------------------------------------------------------------+
; qn   ; Output ; Info     ; Connected to dangling logic. Logic that only feeds a dangling port will be removed.   ;
+------+--------+----------+---------------------------------------------------------------------------------------+


+------------------------------------------------------------------------------------------------------------------+
; Port Connectivity Checks: "RegisterFile:U_RF|Register_32:\gen_regs:1:REG_I|en_dff_ms:\gen_regs:29:unit_register" ;
+------+--------+----------+---------------------------------------------------------------------------------------+
; Port ; Type   ; Severity ; Details                                                                               ;
+------+--------+----------+---------------------------------------------------------------------------------------+
; qn   ; Output ; Info     ; Connected to dangling logic. Logic that only feeds a dangling port will be removed.   ;
+------+--------+----------+---------------------------------------------------------------------------------------+


+------------------------------------------------------------------------------------------------------------------+
; Port Connectivity Checks: "RegisterFile:U_RF|Register_32:\gen_regs:1:REG_I|en_dff_ms:\gen_regs:28:unit_register" ;
+------+--------+----------+---------------------------------------------------------------------------------------+
; Port ; Type   ; Severity ; Details                                                                               ;
+------+--------+----------+---------------------------------------------------------------------------------------+
; qn   ; Output ; Info     ; Connected to dangling logic. Logic that only feeds a dangling port will be removed.   ;
+------+--------+----------+---------------------------------------------------------------------------------------+


+------------------------------------------------------------------------------------------------------------------+
; Port Connectivity Checks: "RegisterFile:U_RF|Register_32:\gen_regs:1:REG_I|en_dff_ms:\gen_regs:27:unit_register" ;
+------+--------+----------+---------------------------------------------------------------------------------------+
; Port ; Type   ; Severity ; Details                                                                               ;
+------+--------+----------+---------------------------------------------------------------------------------------+
; qn   ; Output ; Info     ; Connected to dangling logic. Logic that only feeds a dangling port will be removed.   ;
+------+--------+----------+---------------------------------------------------------------------------------------+


+------------------------------------------------------------------------------------------------------------------+
; Port Connectivity Checks: "RegisterFile:U_RF|Register_32:\gen_regs:1:REG_I|en_dff_ms:\gen_regs:26:unit_register" ;
+------+--------+----------+---------------------------------------------------------------------------------------+
; Port ; Type   ; Severity ; Details                                                                               ;
+------+--------+----------+---------------------------------------------------------------------------------------+
; qn   ; Output ; Info     ; Connected to dangling logic. Logic that only feeds a dangling port will be removed.   ;
+------+--------+----------+---------------------------------------------------------------------------------------+


+------------------------------------------------------------------------------------------------------------------+
; Port Connectivity Checks: "RegisterFile:U_RF|Register_32:\gen_regs:1:REG_I|en_dff_ms:\gen_regs:25:unit_register" ;
+------+--------+----------+---------------------------------------------------------------------------------------+
; Port ; Type   ; Severity ; Details                                                                               ;
+------+--------+----------+---------------------------------------------------------------------------------------+
; qn   ; Output ; Info     ; Connected to dangling logic. Logic that only feeds a dangling port will be removed.   ;
+------+--------+----------+---------------------------------------------------------------------------------------+


+------------------------------------------------------------------------------------------------------------------+
; Port Connectivity Checks: "RegisterFile:U_RF|Register_32:\gen_regs:1:REG_I|en_dff_ms:\gen_regs:24:unit_register" ;
+------+--------+----------+---------------------------------------------------------------------------------------+
; Port ; Type   ; Severity ; Details                                                                               ;
+------+--------+----------+---------------------------------------------------------------------------------------+
; qn   ; Output ; Info     ; Connected to dangling logic. Logic that only feeds a dangling port will be removed.   ;
+------+--------+----------+---------------------------------------------------------------------------------------+


+------------------------------------------------------------------------------------------------------------------+
; Port Connectivity Checks: "RegisterFile:U_RF|Register_32:\gen_regs:1:REG_I|en_dff_ms:\gen_regs:23:unit_register" ;
+------+--------+----------+---------------------------------------------------------------------------------------+
; Port ; Type   ; Severity ; Details                                                                               ;
+------+--------+----------+---------------------------------------------------------------------------------------+
; qn   ; Output ; Info     ; Connected to dangling logic. Logic that only feeds a dangling port will be removed.   ;
+------+--------+----------+---------------------------------------------------------------------------------------+


+------------------------------------------------------------------------------------------------------------------+
; Port Connectivity Checks: "RegisterFile:U_RF|Register_32:\gen_regs:1:REG_I|en_dff_ms:\gen_regs:22:unit_register" ;
+------+--------+----------+---------------------------------------------------------------------------------------+
; Port ; Type   ; Severity ; Details                                                                               ;
+------+--------+----------+---------------------------------------------------------------------------------------+
; qn   ; Output ; Info     ; Connected to dangling logic. Logic that only feeds a dangling port will be removed.   ;
+------+--------+----------+---------------------------------------------------------------------------------------+


+------------------------------------------------------------------------------------------------------------------+
; Port Connectivity Checks: "RegisterFile:U_RF|Register_32:\gen_regs:1:REG_I|en_dff_ms:\gen_regs:21:unit_register" ;
+------+--------+----------+---------------------------------------------------------------------------------------+
; Port ; Type   ; Severity ; Details                                                                               ;
+------+--------+----------+---------------------------------------------------------------------------------------+
; qn   ; Output ; Info     ; Connected to dangling logic. Logic that only feeds a dangling port will be removed.   ;
+------+--------+----------+---------------------------------------------------------------------------------------+


+------------------------------------------------------------------------------------------------------------------+
; Port Connectivity Checks: "RegisterFile:U_RF|Register_32:\gen_regs:1:REG_I|en_dff_ms:\gen_regs:20:unit_register" ;
+------+--------+----------+---------------------------------------------------------------------------------------+
; Port ; Type   ; Severity ; Details                                                                               ;
+------+--------+----------+---------------------------------------------------------------------------------------+
; qn   ; Output ; Info     ; Connected to dangling logic. Logic that only feeds a dangling port will be removed.   ;
+------+--------+----------+---------------------------------------------------------------------------------------+


+------------------------------------------------------------------------------------------------------------------+
; Port Connectivity Checks: "RegisterFile:U_RF|Register_32:\gen_regs:1:REG_I|en_dff_ms:\gen_regs:19:unit_register" ;
+------+--------+----------+---------------------------------------------------------------------------------------+
; Port ; Type   ; Severity ; Details                                                                               ;
+------+--------+----------+---------------------------------------------------------------------------------------+
; qn   ; Output ; Info     ; Connected to dangling logic. Logic that only feeds a dangling port will be removed.   ;
+------+--------+----------+---------------------------------------------------------------------------------------+


+------------------------------------------------------------------------------------------------------------------+
; Port Connectivity Checks: "RegisterFile:U_RF|Register_32:\gen_regs:1:REG_I|en_dff_ms:\gen_regs:18:unit_register" ;
+------+--------+----------+---------------------------------------------------------------------------------------+
; Port ; Type   ; Severity ; Details                                                                               ;
+------+--------+----------+---------------------------------------------------------------------------------------+
; qn   ; Output ; Info     ; Connected to dangling logic. Logic that only feeds a dangling port will be removed.   ;
+------+--------+----------+---------------------------------------------------------------------------------------+


+------------------------------------------------------------------------------------------------------------------+
; Port Connectivity Checks: "RegisterFile:U_RF|Register_32:\gen_regs:1:REG_I|en_dff_ms:\gen_regs:17:unit_register" ;
+------+--------+----------+---------------------------------------------------------------------------------------+
; Port ; Type   ; Severity ; Details                                                                               ;
+------+--------+----------+---------------------------------------------------------------------------------------+
; qn   ; Output ; Info     ; Connected to dangling logic. Logic that only feeds a dangling port will be removed.   ;
+------+--------+----------+---------------------------------------------------------------------------------------+


+------------------------------------------------------------------------------------------------------------------+
; Port Connectivity Checks: "RegisterFile:U_RF|Register_32:\gen_regs:1:REG_I|en_dff_ms:\gen_regs:16:unit_register" ;
+------+--------+----------+---------------------------------------------------------------------------------------+
; Port ; Type   ; Severity ; Details                                                                               ;
+------+--------+----------+---------------------------------------------------------------------------------------+
; qn   ; Output ; Info     ; Connected to dangling logic. Logic that only feeds a dangling port will be removed.   ;
+------+--------+----------+---------------------------------------------------------------------------------------+


+------------------------------------------------------------------------------------------------------------------+
; Port Connectivity Checks: "RegisterFile:U_RF|Register_32:\gen_regs:1:REG_I|en_dff_ms:\gen_regs:15:unit_register" ;
+------+--------+----------+---------------------------------------------------------------------------------------+
; Port ; Type   ; Severity ; Details                                                                               ;
+------+--------+----------+---------------------------------------------------------------------------------------+
; qn   ; Output ; Info     ; Connected to dangling logic. Logic that only feeds a dangling port will be removed.   ;
+------+--------+----------+---------------------------------------------------------------------------------------+


+------------------------------------------------------------------------------------------------------------------+
; Port Connectivity Checks: "RegisterFile:U_RF|Register_32:\gen_regs:1:REG_I|en_dff_ms:\gen_regs:14:unit_register" ;
+------+--------+----------+---------------------------------------------------------------------------------------+
; Port ; Type   ; Severity ; Details                                                                               ;
+------+--------+----------+---------------------------------------------------------------------------------------+
; qn   ; Output ; Info     ; Connected to dangling logic. Logic that only feeds a dangling port will be removed.   ;
+------+--------+----------+---------------------------------------------------------------------------------------+


+------------------------------------------------------------------------------------------------------------------+
; Port Connectivity Checks: "RegisterFile:U_RF|Register_32:\gen_regs:1:REG_I|en_dff_ms:\gen_regs:13:unit_register" ;
+------+--------+----------+---------------------------------------------------------------------------------------+
; Port ; Type   ; Severity ; Details                                                                               ;
+------+--------+----------+---------------------------------------------------------------------------------------+
; qn   ; Output ; Info     ; Connected to dangling logic. Logic that only feeds a dangling port will be removed.   ;
+------+--------+----------+---------------------------------------------------------------------------------------+


+------------------------------------------------------------------------------------------------------------------+
; Port Connectivity Checks: "RegisterFile:U_RF|Register_32:\gen_regs:1:REG_I|en_dff_ms:\gen_regs:12:unit_register" ;
+------+--------+----------+---------------------------------------------------------------------------------------+
; Port ; Type   ; Severity ; Details                                                                               ;
+------+--------+----------+---------------------------------------------------------------------------------------+
; qn   ; Output ; Info     ; Connected to dangling logic. Logic that only feeds a dangling port will be removed.   ;
+------+--------+----------+---------------------------------------------------------------------------------------+


+------------------------------------------------------------------------------------------------------------------+
; Port Connectivity Checks: "RegisterFile:U_RF|Register_32:\gen_regs:1:REG_I|en_dff_ms:\gen_regs:11:unit_register" ;
+------+--------+----------+---------------------------------------------------------------------------------------+
; Port ; Type   ; Severity ; Details                                                                               ;
+------+--------+----------+---------------------------------------------------------------------------------------+
; qn   ; Output ; Info     ; Connected to dangling logic. Logic that only feeds a dangling port will be removed.   ;
+------+--------+----------+---------------------------------------------------------------------------------------+


+------------------------------------------------------------------------------------------------------------------+
; Port Connectivity Checks: "RegisterFile:U_RF|Register_32:\gen_regs:1:REG_I|en_dff_ms:\gen_regs:10:unit_register" ;
+------+--------+----------+---------------------------------------------------------------------------------------+
; Port ; Type   ; Severity ; Details                                                                               ;
+------+--------+----------+---------------------------------------------------------------------------------------+
; qn   ; Output ; Info     ; Connected to dangling logic. Logic that only feeds a dangling port will be removed.   ;
+------+--------+----------+---------------------------------------------------------------------------------------+


+-----------------------------------------------------------------------------------------------------------------+
; Port Connectivity Checks: "RegisterFile:U_RF|Register_32:\gen_regs:1:REG_I|en_dff_ms:\gen_regs:9:unit_register" ;
+------+--------+----------+--------------------------------------------------------------------------------------+
; Port ; Type   ; Severity ; Details                                                                              ;
+------+--------+----------+--------------------------------------------------------------------------------------+
; qn   ; Output ; Info     ; Connected to dangling logic. Logic that only feeds a dangling port will be removed.  ;
+------+--------+----------+--------------------------------------------------------------------------------------+


+-----------------------------------------------------------------------------------------------------------------+
; Port Connectivity Checks: "RegisterFile:U_RF|Register_32:\gen_regs:1:REG_I|en_dff_ms:\gen_regs:8:unit_register" ;
+------+--------+----------+--------------------------------------------------------------------------------------+
; Port ; Type   ; Severity ; Details                                                                              ;
+------+--------+----------+--------------------------------------------------------------------------------------+
; qn   ; Output ; Info     ; Connected to dangling logic. Logic that only feeds a dangling port will be removed.  ;
+------+--------+----------+--------------------------------------------------------------------------------------+


+-----------------------------------------------------------------------------------------------------------------+
; Port Connectivity Checks: "RegisterFile:U_RF|Register_32:\gen_regs:1:REG_I|en_dff_ms:\gen_regs:7:unit_register" ;
+------+--------+----------+--------------------------------------------------------------------------------------+
; Port ; Type   ; Severity ; Details                                                                              ;
+------+--------+----------+--------------------------------------------------------------------------------------+
; qn   ; Output ; Info     ; Connected to dangling logic. Logic that only feeds a dangling port will be removed.  ;
+------+--------+----------+--------------------------------------------------------------------------------------+


+-----------------------------------------------------------------------------------------------------------------+
; Port Connectivity Checks: "RegisterFile:U_RF|Register_32:\gen_regs:1:REG_I|en_dff_ms:\gen_regs:6:unit_register" ;
+------+--------+----------+--------------------------------------------------------------------------------------+
; Port ; Type   ; Severity ; Details                                                                              ;
+------+--------+----------+--------------------------------------------------------------------------------------+
; qn   ; Output ; Info     ; Connected to dangling logic. Logic that only feeds a dangling port will be removed.  ;
+------+--------+----------+--------------------------------------------------------------------------------------+


+-----------------------------------------------------------------------------------------------------------------+
; Port Connectivity Checks: "RegisterFile:U_RF|Register_32:\gen_regs:1:REG_I|en_dff_ms:\gen_regs:5:unit_register" ;
+------+--------+----------+--------------------------------------------------------------------------------------+
; Port ; Type   ; Severity ; Details                                                                              ;
+------+--------+----------+--------------------------------------------------------------------------------------+
; qn   ; Output ; Info     ; Connected to dangling logic. Logic that only feeds a dangling port will be removed.  ;
+------+--------+----------+--------------------------------------------------------------------------------------+


+-----------------------------------------------------------------------------------------------------------------+
; Port Connectivity Checks: "RegisterFile:U_RF|Register_32:\gen_regs:1:REG_I|en_dff_ms:\gen_regs:4:unit_register" ;
+------+--------+----------+--------------------------------------------------------------------------------------+
; Port ; Type   ; Severity ; Details                                                                              ;
+------+--------+----------+--------------------------------------------------------------------------------------+
; qn   ; Output ; Info     ; Connected to dangling logic. Logic that only feeds a dangling port will be removed.  ;
+------+--------+----------+--------------------------------------------------------------------------------------+


+-----------------------------------------------------------------------------------------------------------------+
; Port Connectivity Checks: "RegisterFile:U_RF|Register_32:\gen_regs:1:REG_I|en_dff_ms:\gen_regs:3:unit_register" ;
+------+--------+----------+--------------------------------------------------------------------------------------+
; Port ; Type   ; Severity ; Details                                                                              ;
+------+--------+----------+--------------------------------------------------------------------------------------+
; qn   ; Output ; Info     ; Connected to dangling logic. Logic that only feeds a dangling port will be removed.  ;
+------+--------+----------+--------------------------------------------------------------------------------------+


+-----------------------------------------------------------------------------------------------------------------+
; Port Connectivity Checks: "RegisterFile:U_RF|Register_32:\gen_regs:1:REG_I|en_dff_ms:\gen_regs:2:unit_register" ;
+------+--------+----------+--------------------------------------------------------------------------------------+
; Port ; Type   ; Severity ; Details                                                                              ;
+------+--------+----------+--------------------------------------------------------------------------------------+
; qn   ; Output ; Info     ; Connected to dangling logic. Logic that only feeds a dangling port will be removed.  ;
+------+--------+----------+--------------------------------------------------------------------------------------+


+-----------------------------------------------------------------------------------------------------------------+
; Port Connectivity Checks: "RegisterFile:U_RF|Register_32:\gen_regs:1:REG_I|en_dff_ms:\gen_regs:1:unit_register" ;
+------+--------+----------+--------------------------------------------------------------------------------------+
; Port ; Type   ; Severity ; Details                                                                              ;
+------+--------+----------+--------------------------------------------------------------------------------------+
; qn   ; Output ; Info     ; Connected to dangling logic. Logic that only feeds a dangling port will be removed.  ;
+------+--------+----------+--------------------------------------------------------------------------------------+


+-----------------------------------------------------------------------------------------------------------------+
; Port Connectivity Checks: "RegisterFile:U_RF|Register_32:\gen_regs:1:REG_I|en_dff_ms:\gen_regs:0:unit_register" ;
+------+--------+----------+--------------------------------------------------------------------------------------+
; Port ; Type   ; Severity ; Details                                                                              ;
+------+--------+----------+--------------------------------------------------------------------------------------+
; qn   ; Output ; Info     ; Connected to dangling logic. Logic that only feeds a dangling port will be removed.  ;
+------+--------+----------+--------------------------------------------------------------------------------------+


+--------------------------------------------------------------------------------------------------------------------+
; Port Connectivity Checks: "fullAdder32bit:U_ADD4"                                                                  ;
+----------+--------+----------+-------------------------------------------------------------------------------------+
; Port     ; Type   ; Severity ; Details                                                                             ;
+----------+--------+----------+-------------------------------------------------------------------------------------+
; b[31..3] ; Input  ; Info     ; Stuck at GND                                                                        ;
; b[1..0]  ; Input  ; Info     ; Stuck at GND                                                                        ;
; b[2]     ; Input  ; Info     ; Stuck at VCC                                                                        ;
; cin      ; Input  ; Info     ; Stuck at GND                                                                        ;
; cout     ; Output ; Info     ; Connected to dangling logic. Logic that only feeds a dangling port will be removed. ;
+----------+--------+----------+-------------------------------------------------------------------------------------+


+----------------------------------------------------------------------------------------------------------------+
; Port Connectivity Checks: "PC:U_PC|en_dff_ms:\gen_units:31:unit"                                               ;
+------+--------+----------+-------------------------------------------------------------------------------------+
; Port ; Type   ; Severity ; Details                                                                             ;
+------+--------+----------+-------------------------------------------------------------------------------------+
; qn   ; Output ; Info     ; Connected to dangling logic. Logic that only feeds a dangling port will be removed. ;
+------+--------+----------+-------------------------------------------------------------------------------------+


+----------------------------------------------------------------------------------------------------------------+
; Port Connectivity Checks: "PC:U_PC|en_dff_ms:\gen_units:30:unit"                                               ;
+------+--------+----------+-------------------------------------------------------------------------------------+
; Port ; Type   ; Severity ; Details                                                                             ;
+------+--------+----------+-------------------------------------------------------------------------------------+
; qn   ; Output ; Info     ; Connected to dangling logic. Logic that only feeds a dangling port will be removed. ;
+------+--------+----------+-------------------------------------------------------------------------------------+


+----------------------------------------------------------------------------------------------------------------+
; Port Connectivity Checks: "PC:U_PC|en_dff_ms:\gen_units:29:unit"                                               ;
+------+--------+----------+-------------------------------------------------------------------------------------+
; Port ; Type   ; Severity ; Details                                                                             ;
+------+--------+----------+-------------------------------------------------------------------------------------+
; qn   ; Output ; Info     ; Connected to dangling logic. Logic that only feeds a dangling port will be removed. ;
+------+--------+----------+-------------------------------------------------------------------------------------+


+----------------------------------------------------------------------------------------------------------------+
; Port Connectivity Checks: "PC:U_PC|en_dff_ms:\gen_units:28:unit"                                               ;
+------+--------+----------+-------------------------------------------------------------------------------------+
; Port ; Type   ; Severity ; Details                                                                             ;
+------+--------+----------+-------------------------------------------------------------------------------------+
; qn   ; Output ; Info     ; Connected to dangling logic. Logic that only feeds a dangling port will be removed. ;
+------+--------+----------+-------------------------------------------------------------------------------------+


+----------------------------------------------------------------------------------------------------------------+
; Port Connectivity Checks: "PC:U_PC|en_dff_ms:\gen_units:27:unit"                                               ;
+------+--------+----------+-------------------------------------------------------------------------------------+
; Port ; Type   ; Severity ; Details                                                                             ;
+------+--------+----------+-------------------------------------------------------------------------------------+
; qn   ; Output ; Info     ; Connected to dangling logic. Logic that only feeds a dangling port will be removed. ;
+------+--------+----------+-------------------------------------------------------------------------------------+


+----------------------------------------------------------------------------------------------------------------+
; Port Connectivity Checks: "PC:U_PC|en_dff_ms:\gen_units:26:unit"                                               ;
+------+--------+----------+-------------------------------------------------------------------------------------+
; Port ; Type   ; Severity ; Details                                                                             ;
+------+--------+----------+-------------------------------------------------------------------------------------+
; qn   ; Output ; Info     ; Connected to dangling logic. Logic that only feeds a dangling port will be removed. ;
+------+--------+----------+-------------------------------------------------------------------------------------+


+----------------------------------------------------------------------------------------------------------------+
; Port Connectivity Checks: "PC:U_PC|en_dff_ms:\gen_units:25:unit"                                               ;
+------+--------+----------+-------------------------------------------------------------------------------------+
; Port ; Type   ; Severity ; Details                                                                             ;
+------+--------+----------+-------------------------------------------------------------------------------------+
; qn   ; Output ; Info     ; Connected to dangling logic. Logic that only feeds a dangling port will be removed. ;
+------+--------+----------+-------------------------------------------------------------------------------------+


+----------------------------------------------------------------------------------------------------------------+
; Port Connectivity Checks: "PC:U_PC|en_dff_ms:\gen_units:24:unit"                                               ;
+------+--------+----------+-------------------------------------------------------------------------------------+
; Port ; Type   ; Severity ; Details                                                                             ;
+------+--------+----------+-------------------------------------------------------------------------------------+
; qn   ; Output ; Info     ; Connected to dangling logic. Logic that only feeds a dangling port will be removed. ;
+------+--------+----------+-------------------------------------------------------------------------------------+


+----------------------------------------------------------------------------------------------------------------+
; Port Connectivity Checks: "PC:U_PC|en_dff_ms:\gen_units:23:unit"                                               ;
+------+--------+----------+-------------------------------------------------------------------------------------+
; Port ; Type   ; Severity ; Details                                                                             ;
+------+--------+----------+-------------------------------------------------------------------------------------+
; qn   ; Output ; Info     ; Connected to dangling logic. Logic that only feeds a dangling port will be removed. ;
+------+--------+----------+-------------------------------------------------------------------------------------+


+----------------------------------------------------------------------------------------------------------------+
; Port Connectivity Checks: "PC:U_PC|en_dff_ms:\gen_units:22:unit"                                               ;
+------+--------+----------+-------------------------------------------------------------------------------------+
; Port ; Type   ; Severity ; Details                                                                             ;
+------+--------+----------+-------------------------------------------------------------------------------------+
; qn   ; Output ; Info     ; Connected to dangling logic. Logic that only feeds a dangling port will be removed. ;
+------+--------+----------+-------------------------------------------------------------------------------------+


+----------------------------------------------------------------------------------------------------------------+
; Port Connectivity Checks: "PC:U_PC|en_dff_ms:\gen_units:21:unit"                                               ;
+------+--------+----------+-------------------------------------------------------------------------------------+
; Port ; Type   ; Severity ; Details                                                                             ;
+------+--------+----------+-------------------------------------------------------------------------------------+
; qn   ; Output ; Info     ; Connected to dangling logic. Logic that only feeds a dangling port will be removed. ;
+------+--------+----------+-------------------------------------------------------------------------------------+


+----------------------------------------------------------------------------------------------------------------+
; Port Connectivity Checks: "PC:U_PC|en_dff_ms:\gen_units:20:unit"                                               ;
+------+--------+----------+-------------------------------------------------------------------------------------+
; Port ; Type   ; Severity ; Details                                                                             ;
+------+--------+----------+-------------------------------------------------------------------------------------+
; qn   ; Output ; Info     ; Connected to dangling logic. Logic that only feeds a dangling port will be removed. ;
+------+--------+----------+-------------------------------------------------------------------------------------+


+----------------------------------------------------------------------------------------------------------------+
; Port Connectivity Checks: "PC:U_PC|en_dff_ms:\gen_units:19:unit"                                               ;
+------+--------+----------+-------------------------------------------------------------------------------------+
; Port ; Type   ; Severity ; Details                                                                             ;
+------+--------+----------+-------------------------------------------------------------------------------------+
; qn   ; Output ; Info     ; Connected to dangling logic. Logic that only feeds a dangling port will be removed. ;
+------+--------+----------+-------------------------------------------------------------------------------------+


+----------------------------------------------------------------------------------------------------------------+
; Port Connectivity Checks: "PC:U_PC|en_dff_ms:\gen_units:18:unit"                                               ;
+------+--------+----------+-------------------------------------------------------------------------------------+
; Port ; Type   ; Severity ; Details                                                                             ;
+------+--------+----------+-------------------------------------------------------------------------------------+
; qn   ; Output ; Info     ; Connected to dangling logic. Logic that only feeds a dangling port will be removed. ;
+------+--------+----------+-------------------------------------------------------------------------------------+


+----------------------------------------------------------------------------------------------------------------+
; Port Connectivity Checks: "PC:U_PC|en_dff_ms:\gen_units:17:unit"                                               ;
+------+--------+----------+-------------------------------------------------------------------------------------+
; Port ; Type   ; Severity ; Details                                                                             ;
+------+--------+----------+-------------------------------------------------------------------------------------+
; qn   ; Output ; Info     ; Connected to dangling logic. Logic that only feeds a dangling port will be removed. ;
+------+--------+----------+-------------------------------------------------------------------------------------+


+----------------------------------------------------------------------------------------------------------------+
; Port Connectivity Checks: "PC:U_PC|en_dff_ms:\gen_units:16:unit"                                               ;
+------+--------+----------+-------------------------------------------------------------------------------------+
; Port ; Type   ; Severity ; Details                                                                             ;
+------+--------+----------+-------------------------------------------------------------------------------------+
; qn   ; Output ; Info     ; Connected to dangling logic. Logic that only feeds a dangling port will be removed. ;
+------+--------+----------+-------------------------------------------------------------------------------------+


+----------------------------------------------------------------------------------------------------------------+
; Port Connectivity Checks: "PC:U_PC|en_dff_ms:\gen_units:15:unit"                                               ;
+------+--------+----------+-------------------------------------------------------------------------------------+
; Port ; Type   ; Severity ; Details                                                                             ;
+------+--------+----------+-------------------------------------------------------------------------------------+
; qn   ; Output ; Info     ; Connected to dangling logic. Logic that only feeds a dangling port will be removed. ;
+------+--------+----------+-------------------------------------------------------------------------------------+


+----------------------------------------------------------------------------------------------------------------+
; Port Connectivity Checks: "PC:U_PC|en_dff_ms:\gen_units:14:unit"                                               ;
+------+--------+----------+-------------------------------------------------------------------------------------+
; Port ; Type   ; Severity ; Details                                                                             ;
+------+--------+----------+-------------------------------------------------------------------------------------+
; qn   ; Output ; Info     ; Connected to dangling logic. Logic that only feeds a dangling port will be removed. ;
+------+--------+----------+-------------------------------------------------------------------------------------+


+----------------------------------------------------------------------------------------------------------------+
; Port Connectivity Checks: "PC:U_PC|en_dff_ms:\gen_units:13:unit"                                               ;
+------+--------+----------+-------------------------------------------------------------------------------------+
; Port ; Type   ; Severity ; Details                                                                             ;
+------+--------+----------+-------------------------------------------------------------------------------------+
; qn   ; Output ; Info     ; Connected to dangling logic. Logic that only feeds a dangling port will be removed. ;
+------+--------+----------+-------------------------------------------------------------------------------------+


+----------------------------------------------------------------------------------------------------------------+
; Port Connectivity Checks: "PC:U_PC|en_dff_ms:\gen_units:12:unit"                                               ;
+------+--------+----------+-------------------------------------------------------------------------------------+
; Port ; Type   ; Severity ; Details                                                                             ;
+------+--------+----------+-------------------------------------------------------------------------------------+
; qn   ; Output ; Info     ; Connected to dangling logic. Logic that only feeds a dangling port will be removed. ;
+------+--------+----------+-------------------------------------------------------------------------------------+


+----------------------------------------------------------------------------------------------------------------+
; Port Connectivity Checks: "PC:U_PC|en_dff_ms:\gen_units:11:unit"                                               ;
+------+--------+----------+-------------------------------------------------------------------------------------+
; Port ; Type   ; Severity ; Details                                                                             ;
+------+--------+----------+-------------------------------------------------------------------------------------+
; qn   ; Output ; Info     ; Connected to dangling logic. Logic that only feeds a dangling port will be removed. ;
+------+--------+----------+-------------------------------------------------------------------------------------+


+----------------------------------------------------------------------------------------------------------------+
; Port Connectivity Checks: "PC:U_PC|en_dff_ms:\gen_units:10:unit"                                               ;
+------+--------+----------+-------------------------------------------------------------------------------------+
; Port ; Type   ; Severity ; Details                                                                             ;
+------+--------+----------+-------------------------------------------------------------------------------------+
; qn   ; Output ; Info     ; Connected to dangling logic. Logic that only feeds a dangling port will be removed. ;
+------+--------+----------+-------------------------------------------------------------------------------------+


+----------------------------------------------------------------------------------------------------------------+
; Port Connectivity Checks: "PC:U_PC|en_dff_ms:\gen_units:9:unit"                                                ;
+------+--------+----------+-------------------------------------------------------------------------------------+
; Port ; Type   ; Severity ; Details                                                                             ;
+------+--------+----------+-------------------------------------------------------------------------------------+
; qn   ; Output ; Info     ; Connected to dangling logic. Logic that only feeds a dangling port will be removed. ;
+------+--------+----------+-------------------------------------------------------------------------------------+


+----------------------------------------------------------------------------------------------------------------+
; Port Connectivity Checks: "PC:U_PC|en_dff_ms:\gen_units:8:unit"                                                ;
+------+--------+----------+-------------------------------------------------------------------------------------+
; Port ; Type   ; Severity ; Details                                                                             ;
+------+--------+----------+-------------------------------------------------------------------------------------+
; qn   ; Output ; Info     ; Connected to dangling logic. Logic that only feeds a dangling port will be removed. ;
+------+--------+----------+-------------------------------------------------------------------------------------+


+----------------------------------------------------------------------------------------------------------------+
; Port Connectivity Checks: "PC:U_PC|en_dff_ms:\gen_units:7:unit"                                                ;
+------+--------+----------+-------------------------------------------------------------------------------------+
; Port ; Type   ; Severity ; Details                                                                             ;
+------+--------+----------+-------------------------------------------------------------------------------------+
; qn   ; Output ; Info     ; Connected to dangling logic. Logic that only feeds a dangling port will be removed. ;
+------+--------+----------+-------------------------------------------------------------------------------------+


+----------------------------------------------------------------------------------------------------------------+
; Port Connectivity Checks: "PC:U_PC|en_dff_ms:\gen_units:6:unit"                                                ;
+------+--------+----------+-------------------------------------------------------------------------------------+
; Port ; Type   ; Severity ; Details                                                                             ;
+------+--------+----------+-------------------------------------------------------------------------------------+
; qn   ; Output ; Info     ; Connected to dangling logic. Logic that only feeds a dangling port will be removed. ;
+------+--------+----------+-------------------------------------------------------------------------------------+


+----------------------------------------------------------------------------------------------------------------+
; Port Connectivity Checks: "PC:U_PC|en_dff_ms:\gen_units:5:unit"                                                ;
+------+--------+----------+-------------------------------------------------------------------------------------+
; Port ; Type   ; Severity ; Details                                                                             ;
+------+--------+----------+-------------------------------------------------------------------------------------+
; qn   ; Output ; Info     ; Connected to dangling logic. Logic that only feeds a dangling port will be removed. ;
+------+--------+----------+-------------------------------------------------------------------------------------+


+----------------------------------------------------------------------------------------------------------------+
; Port Connectivity Checks: "PC:U_PC|en_dff_ms:\gen_units:4:unit"                                                ;
+------+--------+----------+-------------------------------------------------------------------------------------+
; Port ; Type   ; Severity ; Details                                                                             ;
+------+--------+----------+-------------------------------------------------------------------------------------+
; qn   ; Output ; Info     ; Connected to dangling logic. Logic that only feeds a dangling port will be removed. ;
+------+--------+----------+-------------------------------------------------------------------------------------+


+----------------------------------------------------------------------------------------------------------------+
; Port Connectivity Checks: "PC:U_PC|en_dff_ms:\gen_units:3:unit"                                                ;
+------+--------+----------+-------------------------------------------------------------------------------------+
; Port ; Type   ; Severity ; Details                                                                             ;
+------+--------+----------+-------------------------------------------------------------------------------------+
; qn   ; Output ; Info     ; Connected to dangling logic. Logic that only feeds a dangling port will be removed. ;
+------+--------+----------+-------------------------------------------------------------------------------------+


+----------------------------------------------------------------------------------------------------------------+
; Port Connectivity Checks: "PC:U_PC|en_dff_ms:\gen_units:2:unit"                                                ;
+------+--------+----------+-------------------------------------------------------------------------------------+
; Port ; Type   ; Severity ; Details                                                                             ;
+------+--------+----------+-------------------------------------------------------------------------------------+
; qn   ; Output ; Info     ; Connected to dangling logic. Logic that only feeds a dangling port will be removed. ;
+------+--------+----------+-------------------------------------------------------------------------------------+


+----------------------------------------------------------------------------------------------------------------+
; Port Connectivity Checks: "PC:U_PC|en_dff_ms:\gen_units:1:unit"                                                ;
+------+--------+----------+-------------------------------------------------------------------------------------+
; Port ; Type   ; Severity ; Details                                                                             ;
+------+--------+----------+-------------------------------------------------------------------------------------+
; qn   ; Output ; Info     ; Connected to dangling logic. Logic that only feeds a dangling port will be removed. ;
+------+--------+----------+-------------------------------------------------------------------------------------+


+----------------------------------------------------------------------------------------------------------------+
; Port Connectivity Checks: "PC:U_PC|en_dff_ms:\gen_units:0:unit"                                                ;
+------+--------+----------+-------------------------------------------------------------------------------------+
; Port ; Type   ; Severity ; Details                                                                             ;
+------+--------+----------+-------------------------------------------------------------------------------------+
; qn   ; Output ; Info     ; Connected to dangling logic. Logic that only feeds a dangling port will be removed. ;
+------+--------+----------+-------------------------------------------------------------------------------------+


+----------------------------------------+
; Port Connectivity Checks: "PC:U_PC"    ;
+------+-------+----------+--------------+
; Port ; Type  ; Severity ; Details      ;
+------+-------+----------+--------------+
; load ; Input ; Info     ; Stuck at VCC ;
+------+-------+----------+--------------+


+-------------------------------+
; Elapsed Time Per Partition    ;
+----------------+--------------+
; Partition Name ; Elapsed Time ;
+----------------+--------------+
; Top            ; 00:00:00     ;
+----------------+--------------+


+-------------------------------+
; Analysis & Synthesis Messages ;
+-------------------------------+
Info: *******************************************************************
Info: Running Quartus II 64-Bit Analysis & Synthesis
    Info: Version 13.0.1 Build 232 06/12/2013 Service Pack 1 SJ Web Edition
    Info: Processing started: Wed Mar 18 07:51:11 2026
Info: Command: quartus_map --read_settings_files=on --write_settings_files=off lab2 -c lab2
Warning (20028): Parallel compilation is not licensed and has been disabled
Info (12021): Found 2 design units, including 1 entities, in source file signextend.vhd
    Info (12022): Found design unit 1: signExtend-rtl
    Info (12023): Found entity 1: signExtend
Info (12021): Found 2 design units, including 1 entities, in source file en_dff_ms.vhd
    Info (12022): Found design unit 1: en_dff_ms-rtl
    Info (12023): Found entity 1: en_dff_ms
Info (12021): Found 2 design units, including 1 entities, in source file mux2to1.vhd
    Info (12022): Found design unit 1: mux2to1-structural
    Info (12023): Found entity 1: mux2to1
Info (12021): Found 2 design units, including 1 entities, in source file mux2to1_5bits.vhd
    Info (12022): Found design unit 1: mux2to1_5bits-structural
    Info (12023): Found entity 1: mux2to1_5bits
Info (12021): Found 2 design units, including 1 entities, in source file shiftleft2_26to28.vhd
    Info (12022): Found design unit 1: shiftLeft2_26to28-rtl
    Info (12023): Found entity 1: shiftLeft2_26to28
Info (12021): Found 2 design units, including 1 entities, in source file shiftleft2_32.vhd
    Info (12022): Found design unit 1: ShiftLeft2_32-rtl
    Info (12023): Found entity 1: ShiftLeft2_32
Info (12021): Found 2 design units, including 1 entities, in source file pc.vhd
    Info (12022): Found design unit 1: PC-rtl
    Info (12023): Found entity 1: PC
Info (12021): Found 2 design units, including 1 entities, in source file fulladder.vhd
    Info (12022): Found design unit 1: fullAdder-rtl
    Info (12023): Found entity 1: fullAdder
Info (12021): Found 2 design units, including 1 entities, in source file fulladder32bit.vhd
    Info (12022): Found design unit 1: fullAdder32bit-structural
    Info (12023): Found entity 1: fullAdder32bit
Info (12021): Found 2 design units, including 1 entities, in source file register_32.vhd
    Info (12022): Found design unit 1: Register_32-rtl
    Info (12023): Found entity 1: Register_32
Info (12021): Found 2 design units, including 1 entities, in source file registerfile.vhd
    Info (12022): Found design unit 1: RegisterFile-Structural
    Info (12023): Found entity 1: RegisterFile
Info (12021): Found 2 design units, including 1 entities, in source file alu_control.vhd
    Info (12022): Found design unit 1: ALU_Control-RTL
    Info (12023): Found entity 1: ALU_Control
Info (12021): Found 2 design units, including 1 entities, in source file alu.vhd
    Info (12022): Found design unit 1: ALU-Structural
    Info (12023): Found entity 1: ALU
Info (12021): Found 2 design units, including 1 entities, in source file instructionmemory.vhd
    Info (12022): Found design unit 1: InstructionMemory-Structural
    Info (12023): Found entity 1: InstructionMemory
Info (12021): Found 2 design units, including 1 entities, in source file datamemory.vhd
    Info (12022): Found design unit 1: DataMemory-Structural
    Info (12023): Found entity 1: DataMemory
Info (12021): Found 2 design units, including 1 entities, in source file controlunit.vhd
    Info (12022): Found design unit 1: ControlUnit-Structural
    Info (12023): Found entity 1: ControlUnit
Info (12021): Found 2 design units, including 1 entities, in source file mux2to1_32bits.vhd
    Info (12022): Found design unit 1: mux2to1_32bits-structural
    Info (12023): Found entity 1: mux2to1_32bits
Info (12021): Found 2 design units, including 1 entities, in source file singlecycleprocessor.vhd
    Info (12022): Found design unit 1: SingleCycleProcessor-Structural
    Info (12023): Found entity 1: SingleCycleProcessor
Info (12127): Elaborating entity "SingleCycleProcessor" for the top level hierarchy
Info (12128): Elaborating entity "PC" for hierarchy "PC:U_PC"
Info (12128): Elaborating entity "en_dff_ms" for hierarchy "PC:U_PC|en_dff_ms:\gen_units:0:unit"
Info (12128): Elaborating entity "fullAdder32bit" for hierarchy "fullAdder32bit:U_ADD4"
Info (12128): Elaborating entity "fullAdder" for hierarchy "fullAdder32bit:U_ADD4|fullAdder:\gen_adder:0:FA_inst"
Info (12128): Elaborating entity "InstructionMemory" for hierarchy "InstructionMemory:U_IMEM"
Info (12128): Elaborating entity "ControlUnit" for hierarchy "ControlUnit:U_CTRL"
Info (12128): Elaborating entity "mux2to1_5bits" for hierarchy "mux2to1_5bits:U_MUX_REG"
Info (12128): Elaborating entity "mux2to1" for hierarchy "mux2to1_5bits:U_MUX_REG|mux2to1:\gen_mux:0:u_mux"
Info (12128): Elaborating entity "RegisterFile" for hierarchy "RegisterFile:U_RF"
Info (12128): Elaborating entity "Register_32" for hierarchy "RegisterFile:U_RF|Register_32:\gen_regs:1:REG_I"
Info (12128): Elaborating entity "signExtend" for hierarchy "signExtend:U_SE"
Info (12128): Elaborating entity "ALU_Control" for hierarchy "ALU_Control:U_ALU_CTRL"
Info (12128): Elaborating entity "ALU" for hierarchy "ALU:U_ALU"
Info (12128): Elaborating entity "ShiftLeft2_32" for hierarchy "ShiftLeft2_32:U_SHIFT_BR"
Warning (10873): Using initial value X (don't care) for net "Qplus[1..0]" at shiftLeft2_32.vhd(7)
Info (12128): Elaborating entity "DataMemory" for hierarchy "DataMemory:U_DMEM"
Info (16010): Generating hard_block partition "hard_block:auto_generated_inst"
    Info (16011): Adding 0 node(s), including 0 DDIO, 0 PLL, 0 transceiver and 0 LCELL
Warning (21074): Design contains 2 input pin(s) that do not drive logic
    Warning (15610): No output dependent on input pin "clk"
    Warning (15610): No output dependent on input pin "reset"
Info (21057): Implemented 2 device resources after synthesis - the final resource count might be different
    Info (21058): Implemented 2 input pins
    Info (21059): Implemented 0 output pins
Info: Quartus II 64-Bit Analysis & Synthesis was successful. 0 errors, 5 warnings
    Info: Peak virtual memory: 4674 megabytes
    Info: Processing ended: Wed Mar 18 07:51:19 2026
    Info: Elapsed time: 00:00:08
    Info: Total CPU time (on all processors): 00:00:08


